<?xml version="1.0" encoding="UTF-8" ?>
<row>
<myFieldA>1</myFieldA>
<myFieldB>a</myFieldB>
</row>
<row>
<myFieldA>2</myFieldA>
<myFieldB>b</myFieldB>
</row>
<row>
<myFieldA>3</myFieldA>
<myFieldB>c</myFieldB>
</row>
<row>
<myFieldA>4</myFieldA>
<myFieldB>d</myFieldB>
</row>
<row>
<myFieldA>5</myFieldA>
<myFieldB>e</myFieldB>
</row>
<row>
<myFieldA>6</myFieldA>
<myFieldB>f</myFieldB>
</row>
<row>
<myFieldA>7</myFieldA>
<myFieldB>g</myFieldB>
</row>
<row>
<myFieldA>8</myFieldA>
<myFieldB>h</myFieldB>
</row>
<row>
<myFieldA>9</myFieldA>
<myFieldB>i</myFieldB>
</row>
